<?xml version="1.0" encoding="UTF-8"?>
<!-- Generated by org.testng.reporters.JUnitReportReporter -->
<testsuite skipped="1" hostname="ghadeer" name="GuruBankMnagerTest.GuruLoginTest" tests="1" failures="0" timestamp="12 أبر 2019 12:16:01 GMT" time="0.000" errors="0">
  <testcase name="LoginTest" time="0.000" classname="GuruBankMnagerTest.GuruLoginTest">
    <skipped/>
  </testcase> <!-- LoginTest -->
</testsuite> <!-- GuruBankMnagerTest.GuruLoginTest -->
