<?xml version="1.0" encoding="UTF-8"?>
<!-- Generated by org.testng.reporters.JUnitReportReporter -->
<testsuite skipped="0" hostname="ghadeer" name="GuruBankMnagerTest.GuruLoginTest" tests="4" failures="0" timestamp="13 أبر 2019 14:53:37 GMT" time="121.447" errors="0">
  <testcase name="LoginTest" time="21.428" classname="GuruBankMnagerTest.GuruLoginTest"/>
  <testcase name="LoginTest" time="34.351" classname="GuruBankMnagerTest.GuruLoginTest"/>
  <testcase name="LoginTest" time="49.542" classname="GuruBankMnagerTest.GuruLoginTest"/>
  <testcase name="LoginTest" time="16.126" classname="GuruBankMnagerTest.GuruLoginTest"/>
</testsuite> <!-- GuruBankMnagerTest.GuruLoginTest -->
